/*C11*/SET SCHEMA PUBLIC
--ALTER TABLE patients DROP CONSTRAINT FK_RECIPES_PATIENID;\u000d\u000a--ALTER TABLE doctors DROP CONSTRAINT FK_RECIPES_DOCTORID;\u000d\u000a--ALTER TABLE priorities DROP CONSTRAINT FK_RECIPES_PRIORITYID;\u000d\u000a\u000d\u000a--DROP TABLE patients;\u000d\u000a--DROP TABLE doctors;\u000d\u000a--DROP TABLE priorities;\u000d\u000a--DROP TABLE recipes;\u000d\u000a\u000d\u000aCREATE TABLE IF NOT EXISTS patients \u000d\u000a(\u000a  id BIGINT GENERATED BY DEFAULT AS IDENTITY(START WITH 1, INCREMENT BY 1) PRIMARY KEY,\u000a\u000d\u000a  name VARCHAR(30) NOT NULL,\u000d\u000a\u000a  surname  VARCHAR(30) NOT NULL,\u000a\u000d\u000a  patronymic VARCHAR(30) NOT NULL,\u000d\u000a\u000a  telephone VARCHAR(30) NOT NULL\u000a)
CREATE TABLE IF NOT EXISTS doctors \u000d\u000a(\u000a  id BIGINT GENERATED BY DEFAULT AS IDENTITY(START WITH 1, INCREMENT BY 1) PRIMARY KEY,\u000d\u000a\u000a  name VARCHAR(30) NOT NULL,\u000d\u000a\u000a  surname  VARCHAR(30) NOT NULL,\u000d\u000a\u000a  patronymic VARCHAR(30) NOT NULL,\u000d\u000a\u000a  specialization VARCHAR(30) NOT NULL\u000a)
CREATE TABLE IF NOT EXISTS priorities(\u000d\u000a  id BIGINT GENERATED BY DEFAULT AS IDENTITY(START WITH 1, INCREMENT BY 1) PRIMARY KEY,\u000d\u000a\u000d\u000a  name VARCHAR(30) NOT NULL\u000d\u000a)
CREATE TABLE IF NOT EXISTS recipes \u000d\u000a(\u000a  id BIGINT GENERATED BY DEFAULT AS IDENTITY(START WITH 1, INCREMENT BY 1) PRIMARY KEY,\u000d\u000a\u000a  discription VARCHAR(150) NOT NULL ,\u000d\u000a\u000a  patientID BIGINT NOT NULL ,\u000a \u000d\u000a  doctorID BIGINT NOT NULL ,\u000a\u000d\u000a  calendar DATETIME NOT NULL ,\u000a \u000d\u000a  validaty INT NOT NULL ,\u000d\u000a\u000a  priorityID BIGINT NOT NULL ,\u000d\u000a  \u000d\u000a  CONSTRAINT fk_recipes_patienID FOREIGN KEY (patientID) REFERENCES patients (id) ON DELETE NO ACTION ON UPDATE CASCADE,\u000d\u000a  \u000d\u000a  CONSTRAINT fk_recipes_doctorID FOREIGN KEY (doctorID) REFERENCES doctors(id) ON DELETE NO ACTION ON UPDATE CASCADE,\u000d\u000a  \u000d\u000a  CONSTRAINT fk_recipes_priorityID FOREIGN KEY (priorityID) REFERENCES priorities (id) ON DELETE NO ACTION ON UPDATE NO ACTION\u000a)
DISCONNECT
/*C12*/SET SCHEMA PUBLIC
DISCONNECT
/*C13*/SET SCHEMA PUBLIC
DISCONNECT
/*C14*/SET SCHEMA PUBLIC
DISCONNECT
/*C15*/SET SCHEMA PUBLIC
DISCONNECT
/*C16*/SET SCHEMA PUBLIC
DISCONNECT
/*C17*/SET SCHEMA PUBLIC
DISCONNECT
/*C18*/SET SCHEMA PUBLIC
DISCONNECT
/*C19*/SET SCHEMA PUBLIC
DISCONNECT
/*C20*/SET SCHEMA PUBLIC
DISCONNECT
